{"/Users/dongxucao/study/immoc-server/146-node-base/server/math.js":{"path":"/Users/dongxucao/study/immoc-server/146-node-base/server/math.js","s":{"1":1,"2":1,"3":1,"4":0,"5":1,"6":1,"7":2,"8":1,"9":2,"10":3,"11":1,"12":2,"13":1,"14":1},"b":{"1":[1,0],"2":[1,2],"3":[1,1]},"f":{"1":1},"fnMap":{"1":{"name":"zero","line":1,"loc":{"start":{"line":1,"column":0},"end":{"line":1,"column":27}}}},"statementMap":{"1":{"start":{"line":1,"column":0},"end":{"line":6,"column":1}},"2":{"start":{"line":2,"column":2},"end":{"line":4,"column":3}},"3":{"start":{"line":3,"column":4},"end":{"line":3,"column":13}},"4":{"start":{"line":5,"column":2},"end":{"line":5,"column":23}},"5":{"start":{"line":8,"column":0},"end":{"line":20,"column":1}},"6":{"start":{"line":9,"column":20},"end":{"line":9,"column":56}},"7":{"start":{"line":9,"column":46},"end":{"line":9,"column":55}},"8":{"start":{"line":10,"column":22},"end":{"line":10,"column":58}},"9":{"start":{"line":10,"column":48},"end":{"line":10,"column":57}},"10":{"start":{"line":12,"column":4},"end":{"line":14,"column":5}},"11":{"start":{"line":13,"column":6},"end":{"line":13,"column":19}},"12":{"start":{"line":15,"column":4},"end":{"line":17,"column":5}},"13":{"start":{"line":16,"column":6},"end":{"line":16,"column":19}},"14":{"start":{"line":18,"column":4},"end":{"line":18,"column":18}}},"branchMap":{"1":{"line":2,"type":"if","locations":[{"start":{"line":2,"column":2},"end":{"line":2,"column":2}},{"start":{"line":2,"column":2},"end":{"line":2,"column":2}}]},"2":{"line":12,"type":"if","locations":[{"start":{"line":12,"column":4},"end":{"line":12,"column":4}},{"start":{"line":12,"column":4},"end":{"line":12,"column":4}}]},"3":{"line":15,"type":"if","locations":[{"start":{"line":15,"column":4},"end":{"line":15,"column":4}},{"start":{"line":15,"column":4},"end":{"line":15,"column":4}}]}}}}