{"/Users/dongxucao/study/immoc-server/146-node-base/server/math.js":{"path":"/Users/dongxucao/study/immoc-server/146-node-base/server/math.js","s":{"1":1,"2":1,"3":2,"4":1,"5":2},"b":{},"f":{},"fnMap":{},"statementMap":{"1":{"start":{"line":1,"column":0},"end":{"line":4,"column":1}},"2":{"start":{"line":2,"column":20},"end":{"line":2,"column":56}},"3":{"start":{"line":2,"column":46},"end":{"line":2,"column":55}},"4":{"start":{"line":3,"column":22},"end":{"line":3,"column":58}},"5":{"start":{"line":3,"column":48},"end":{"line":3,"column":57}}},"branchMap":{}}}